time="2021-02-07T16:40:45+08:00" level=info msg="[github.com/red_envelope/infra.(*BootApplication).init(infra/boot.go:34)] Initializing starters..." func="github.com/red_envelope/infra.(*BootApplication).init" file="infra/boot.go:34"
time="2021-02-07T16:40:45+08:00" level=debug msg="[github.com/red_envelope/infra.(*BootApplication).init(infra/boot.go:37)] Initializing: PriorityGroup=20,Priority=10000,type=*base.PropsStarter" func="github.com/red_envelope/infra.(*BootApplication).init" file="infra/boot.go:37"
time="2021-02-07T16:40:45+08:00" level=debug msg="[github.com/red_envelope/infra.(*BootApplication).init(infra/boot.go:37)] Initializing: PriorityGroup=20,Priority=10000,type=*base.DbxDatabaseStarter" func="github.com/red_envelope/infra.(*BootApplication).init" file="infra/boot.go:37"
time="2021-02-07T16:40:45+08:00" level=debug msg="[github.com/red_envelope/infra.(*BootApplication).init(infra/boot.go:37)] Initializing: PriorityGroup=20,Priority=10000,type=*base.ValidatorStarter" func="github.com/red_envelope/infra.(*BootApplication).init" file="infra/boot.go:37"
time="2021-02-07T16:40:45+08:00" level=debug msg="[github.com/red_envelope/infra.(*BootApplication).init(infra/boot.go:37)] Initializing: PriorityGroup=20,Priority=10000,type=*base.GoRPCStarter" func="github.com/red_envelope/infra.(*BootApplication).init" file="infra/boot.go:37"
time="2021-02-07T16:40:45+08:00" level=debug msg="[github.com/red_envelope/infra.(*BootApplication).init(infra/boot.go:37)] Initializing: PriorityGroup=20,Priority=10000,type=*gorpc.GoRpcApiStarter" func="github.com/red_envelope/infra.(*BootApplication).init" file="infra/boot.go:37"
time="2021-02-07T16:40:45+08:00" level=info msg="[github.com/red_envelope/infra/base.RpcRegister(base/rpc.go:19)] goRPC Register: *gorpc.EnvelopeRpc" func=github.com/red_envelope/infra/base.RpcRegister file="base/rpc.go:19"
time="2021-02-07T16:40:45+08:00" level=debug msg="[github.com/red_envelope/infra.(*BootApplication).init(infra/boot.go:37)] Initializing: PriorityGroup=20,Priority=10000,type=*jobs.RefundExpiredJobStarter" func="github.com/red_envelope/infra.(*BootApplication).init" file="infra/boot.go:37"
time="2021-02-07T16:40:45+08:00" level=debug msg="[github.com/red_envelope/infra.(*BootApplication).init(infra/boot.go:37)] Initializing: PriorityGroup=20,Priority=10000,type=*infra.WebApiStarter" func="github.com/red_envelope/infra.(*BootApplication).init" file="infra/boot.go:37"
time="2021-02-07T16:40:45+08:00" level=debug msg="[github.com/red_envelope/infra.(*BootApplication).init(infra/boot.go:37)] Initializing: PriorityGroup=20,Priority=10000,type=*base.HookStarter" func="github.com/red_envelope/infra.(*BootApplication).init" file="infra/boot.go:37"
time="2021-02-07T16:40:45+08:00" level=debug msg="[github.com/red_envelope/infra.(*BootApplication).init(infra/boot.go:37)] Initializing: PriorityGroup=20,Priority=10000,type=*base.IrisServerStarter" func="github.com/red_envelope/infra.(*BootApplication).init" file="infra/boot.go:37"
time="2021-02-07T16:40:45+08:00" level=info msg="[github.com/red_envelope/infra.(*BootApplication).setup(infra/boot.go:45)] Setup starters..." func="github.com/red_envelope/infra.(*BootApplication).setup" file="infra/boot.go:45"
time="2021-02-07T16:40:45+08:00" level=debug msg="[github.com/red_envelope/infra.(*BootApplication).setup(infra/boot.go:48)] Setup: *base.PropsStarter" func="github.com/red_envelope/infra.(*BootApplication).setup" file="infra/boot.go:48"
time="2021-02-07T16:40:45+08:00" level=debug msg="[github.com/red_envelope/infra.(*BootApplication).setup(infra/boot.go:48)] Setup: *base.DbxDatabaseStarter" func="github.com/red_envelope/infra.(*BootApplication).setup" file="infra/boot.go:48"
time="2021-02-07T16:40:45+08:00" level=info msg="[github.com/red_envelope/infra/base.(*DbxDatabaseStarter).Setup(base/dbx.go:31)] mysql.conn url:debian-sys-maint:***@tcp(127.0.0.1:3306)/designDataV3?charset=utf8&loc=Local&parseTime=true&" func="github.com/red_envelope/infra/base.(*DbxDatabaseStarter).Setup" file="base/dbx.go:31"
time="2021-02-07T16:40:45+08:00" level=info msg="[github.com/red_envelope/infra/base.(*DbxDatabaseStarter).Setup(base/dbx.go:36)] <nil>" func="github.com/red_envelope/infra/base.(*DbxDatabaseStarter).Setup" file="base/dbx.go:36"
time="2021-02-07T16:40:45+08:00" level=debug msg="[github.com/red_envelope/infra.(*BootApplication).setup(infra/boot.go:48)] Setup: *base.ValidatorStarter" func="github.com/red_envelope/infra.(*BootApplication).setup" file="infra/boot.go:48"
time="2021-02-07T16:40:45+08:00" level=debug msg="[github.com/red_envelope/infra.(*BootApplication).setup(infra/boot.go:48)] Setup: *base.GoRPCStarter" func="github.com/red_envelope/infra.(*BootApplication).setup" file="infra/boot.go:48"
time="2021-02-07T16:40:45+08:00" level=debug msg="[github.com/red_envelope/infra.(*BootApplication).setup(infra/boot.go:48)] Setup: *gorpc.GoRpcApiStarter" func="github.com/red_envelope/infra.(*BootApplication).setup" file="infra/boot.go:48"
time="2021-02-07T16:40:45+08:00" level=debug msg="[github.com/red_envelope/infra.(*BootApplication).setup(infra/boot.go:48)] Setup: *jobs.RefundExpiredJobStarter" func="github.com/red_envelope/infra.(*BootApplication).setup" file="infra/boot.go:48"
time="2021-02-07T16:40:45+08:00" level=debug msg="[github.com/red_envelope/infra.(*BootApplication).setup(infra/boot.go:48)] Setup: *infra.WebApiStarter" func="github.com/red_envelope/infra.(*BootApplication).setup" file="infra/boot.go:48"
time="2021-02-07T16:40:45+08:00" level=debug msg="[github.com/red_envelope/infra.(*BootApplication).setup(infra/boot.go:48)] Setup: *base.HookStarter" func="github.com/red_envelope/infra.(*BootApplication).setup" file="infra/boot.go:48"
time="2021-02-07T16:40:45+08:00" level=debug msg="[github.com/red_envelope/infra.(*BootApplication).setup(infra/boot.go:48)] Setup: *base.IrisServerStarter" func="github.com/red_envelope/infra.(*BootApplication).setup" file="infra/boot.go:48"
time="2021-02-07T16:40:45+08:00" level=info msg="[github.com/red_envelope/infra.(*BootApplication).start(infra/boot.go:57)] Starting starters..." func="github.com/red_envelope/infra.(*BootApplication).start" file="infra/boot.go:57"
time="2021-02-07T16:40:45+08:00" level=debug msg="[github.com/red_envelope/infra.(*BootApplication).start(infra/boot.go:61)] Starting: *base.PropsStarter" func="github.com/red_envelope/infra.(*BootApplication).start" file="infra/boot.go:61"
time="2021-02-07T16:40:45+08:00" level=debug msg="[github.com/red_envelope/infra.(*BootApplication).start(infra/boot.go:61)] Starting: *base.DbxDatabaseStarter" func="github.com/red_envelope/infra.(*BootApplication).start" file="infra/boot.go:61"
time="2021-02-07T16:40:45+08:00" level=debug msg="[github.com/red_envelope/infra.(*BootApplication).start(infra/boot.go:61)] Starting: *base.ValidatorStarter" func="github.com/red_envelope/infra.(*BootApplication).start" file="infra/boot.go:61"
time="2021-02-07T16:40:45+08:00" level=debug msg="[github.com/red_envelope/infra.(*BootApplication).start(infra/boot.go:61)] Starting: *base.GoRPCStarter" func="github.com/red_envelope/infra.(*BootApplication).start" file="infra/boot.go:61"
time="2021-02-07T16:40:45+08:00" level=info msg="[github.com/red_envelope/infra/base.(*GoRPCStarter).Start(base/rpc.go:40)] tcp port listened for rpc:18082" func="github.com/red_envelope/infra/base.(*GoRPCStarter).Start" file="base/rpc.go:40"
time="2021-02-07T16:40:45+08:00" level=debug msg="[github.com/red_envelope/infra.(*BootApplication).start(infra/boot.go:61)] Starting: *gorpc.GoRpcApiStarter" func="github.com/red_envelope/infra.(*BootApplication).start" file="infra/boot.go:61"
time="2021-02-07T16:40:45+08:00" level=debug msg="[github.com/red_envelope/infra.(*BootApplication).start(infra/boot.go:61)] Starting: *jobs.RefundExpiredJobStarter" func="github.com/red_envelope/infra.(*BootApplication).start" file="infra/boot.go:61"
time="2021-02-07T16:40:45+08:00" level=debug msg="[github.com/red_envelope/infra.(*BootApplication).start(infra/boot.go:61)] Starting: *infra.WebApiStarter" func="github.com/red_envelope/infra.(*BootApplication).start" file="infra/boot.go:61"
time="2021-02-07T16:40:45+08:00" level=debug msg="[github.com/red_envelope/infra.(*BootApplication).start(infra/boot.go:61)] Starting: *base.HookStarter" func="github.com/red_envelope/infra.(*BootApplication).start" file="infra/boot.go:61"
time="2021-02-07T16:40:45+08:00" level=info msg="[github.com/red_envelope/infra/base.(*HookStarter).Start(base/hook.go:44)] 【Register Notify Stop】:*base.PropsStarter.Stop()" func="github.com/red_envelope/infra/base.(*HookStarter).Start" file="base/hook.go:44"
time="2021-02-07T16:40:45+08:00" level=info msg="[github.com/red_envelope/infra/base.(*HookStarter).Start(base/hook.go:44)] 【Register Notify Stop】:*base.DbxDatabaseStarter.Stop()" func="github.com/red_envelope/infra/base.(*HookStarter).Start" file="base/hook.go:44"
time="2021-02-07T16:40:45+08:00" level=info msg="[github.com/red_envelope/infra/base.(*HookStarter).Start(base/hook.go:44)] 【Register Notify Stop】:*base.ValidatorStarter.Stop()" func="github.com/red_envelope/infra/base.(*HookStarter).Start" file="base/hook.go:44"
time="2021-02-07T16:40:45+08:00" level=info msg="[github.com/red_envelope/infra/base.(*HookStarter).Start(base/hook.go:44)] 【Register Notify Stop】:*base.GoRPCStarter.Stop()" func="github.com/red_envelope/infra/base.(*HookStarter).Start" file="base/hook.go:44"
time="2021-02-07T16:40:45+08:00" level=info msg="[github.com/red_envelope/infra/base.(*HookStarter).Start(base/hook.go:44)] 【Register Notify Stop】:*gorpc.GoRpcApiStarter.Stop()" func="github.com/red_envelope/infra/base.(*HookStarter).Start" file="base/hook.go:44"
time="2021-02-07T16:40:45+08:00" level=info msg="[github.com/red_envelope/infra/base.(*HookStarter).Start(base/hook.go:44)] 【Register Notify Stop】:*jobs.RefundExpiredJobStarter.Stop()" func="github.com/red_envelope/infra/base.(*HookStarter).Start" file="base/hook.go:44"
time="2021-02-07T16:40:45+08:00" level=info msg="[github.com/red_envelope/infra/base.(*HookStarter).Start(base/hook.go:44)] 【Register Notify Stop】:*infra.WebApiStarter.Stop()" func="github.com/red_envelope/infra/base.(*HookStarter).Start" file="base/hook.go:44"
time="2021-02-07T16:40:45+08:00" level=info msg="[github.com/red_envelope/infra/base.(*HookStarter).Start(base/hook.go:44)] 【Register Notify Stop】:*base.HookStarter.Stop()" func="github.com/red_envelope/infra/base.(*HookStarter).Start" file="base/hook.go:44"
time="2021-02-07T16:40:45+08:00" level=info msg="[github.com/red_envelope/infra/base.(*HookStarter).Start(base/hook.go:44)] 【Register Notify Stop】:*base.IrisServerStarter.Stop()" func="github.com/red_envelope/infra/base.(*HookStarter).Start" file="base/hook.go:44"
time="2021-02-07T16:40:45+08:00" level=debug msg="[github.com/red_envelope/infra.(*BootApplication).start(infra/boot.go:61)] Starting: *base.IrisServerStarter" func="github.com/red_envelope/infra.(*BootApplication).start" file="infra/boot.go:61"
time="2021-02-07T16:40:45+08:00" level=info msg="[github.com/red_envelope/infra/base.(*IrisServerStarter).Start(base/iris_server.go:39)] [./apis/web/account.go:150] POST: /v1/account/create -> github.com/red_envelope/apis/web.(*AccountApi).createHandler-fm() and 2 more" func="github.com/red_envelope/infra/base.(*IrisServerStarter).Start" file="base/iris_server.go:39"
time="2021-02-07T16:40:45+08:00" level=info msg="[github.com/red_envelope/infra/base.(*IrisServerStarter).Start(base/iris_server.go:39)] [./apis/web/account.go:151] POST: /v1/account/transfer -> github.com/red_envelope/apis/web.(*AccountApi).transferHandler-fm() and 2 more" func="github.com/red_envelope/infra/base.(*IrisServerStarter).Start" file="base/iris_server.go:39"
time="2021-02-07T16:40:45+08:00" level=info msg="[github.com/red_envelope/infra/base.(*IrisServerStarter).Start(base/iris_server.go:39)] [./apis/web/account.go:152] GET: /v1/account/envelope/get -> github.com/red_envelope/apis/web.(*AccountApi).getEnvelopeAccountHandler-fm() and 2 more" func="github.com/red_envelope/infra/base.(*IrisServerStarter).Start" file="base/iris_server.go:39"
time="2021-02-07T16:40:45+08:00" level=info msg="[github.com/red_envelope/infra/base.(*IrisServerStarter).Start(base/iris_server.go:39)] [./apis/web/account.go:153] GET: /v1/account/get -> github.com/red_envelope/apis/web.(*AccountApi).getAccountHandler-fm() and 2 more" func="github.com/red_envelope/infra/base.(*IrisServerStarter).Start" file="base/iris_server.go:39"
time="2021-02-07T16:40:45+08:00" level=info msg="[github.com/red_envelope/infra/base.(*IrisServerStarter).Start(base/iris_server.go:39)] [./apis/web/envelope.go:21] POST: /v1/envelope/sendout -> github.com/red_envelope/apis/web.(*EnvelopeApi).sendOutHandler-fm() and 2 more" func="github.com/red_envelope/infra/base.(*IrisServerStarter).Start" file="base/iris_server.go:39"
time="2021-02-07T16:40:45+08:00" level=info msg="[github.com/red_envelope/infra/base.(*IrisServerStarter).Start(base/iris_server.go:39)] [./apis/web/envelope.go:22] POST: /v1/envelope/receive -> github.com/red_envelope/apis/web.(*EnvelopeApi).receiveHandler-fm() and 2 more" func="github.com/red_envelope/infra/base.(*IrisServerStarter).Start" file="base/iris_server.go:39"
time="2021-02-07T16:41:26+08:00" level=error msg="[github.com/kataras/golog.integrateExternalLogger.func1(golog@v0.0.18/integration.go:28)] http: Server closed" func=github.com/kataras/golog.integrateExternalLogger.func1 file="golog@v0.0.18/integration.go:28"
