time="2021-02-06T17:26:16+08:00" level=info msg="[github.com/red_envelope/infra.(*starterRegister).Register(infra/starter.go:78)] Register starter: *base.PropsStarter" func="github.com/red_envelope/infra.(*starterRegister).Register" file="infra/starter.go:78"
time="2021-02-06T17:26:16+08:00" level=info msg="[github.com/red_envelope/infra.(*starterRegister).Register(infra/starter.go:78)] Register starter: *base.DbxDatabaseStarter" func="github.com/red_envelope/infra.(*starterRegister).Register" file="infra/starter.go:78"
time="2021-02-06T17:26:16+08:00" level=info msg="[github.com/red_envelope/infra.(*starterRegister).Register(infra/starter.go:78)] Register starter: *base.ValidatorStarter" func="github.com/red_envelope/infra.(*starterRegister).Register" file="infra/starter.go:78"
time="2021-02-06T17:26:16+08:00" level=info msg="[github.com/red_envelope/infra.(*BootApplication).init(infra/boot.go:34)] Initializing starters..." func="github.com/red_envelope/infra.(*BootApplication).init" file="infra/boot.go:34"
time="2021-02-06T17:26:16+08:00" level=debug msg="[github.com/red_envelope/infra.(*BootApplication).init(infra/boot.go:37)] Initializing: PriorityGroup=20,Priority=10000,type=*base.PropsStarter" func="github.com/red_envelope/infra.(*BootApplication).init" file="infra/boot.go:37"
time="2021-02-06T17:26:16+08:00" level=debug msg="[github.com/red_envelope/infra.(*BootApplication).init(infra/boot.go:37)] Initializing: PriorityGroup=20,Priority=10000,type=*base.DbxDatabaseStarter" func="github.com/red_envelope/infra.(*BootApplication).init" file="infra/boot.go:37"
time="2021-02-06T17:26:16+08:00" level=debug msg="[github.com/red_envelope/infra.(*BootApplication).init(infra/boot.go:37)] Initializing: PriorityGroup=20,Priority=10000,type=*base.ValidatorStarter" func="github.com/red_envelope/infra.(*BootApplication).init" file="infra/boot.go:37"
time="2021-02-06T17:26:16+08:00" level=info msg="[github.com/red_envelope/infra.(*BootApplication).setup(infra/boot.go:45)] Setup starters..." func="github.com/red_envelope/infra.(*BootApplication).setup" file="infra/boot.go:45"
time="2021-02-06T17:26:16+08:00" level=debug msg="[github.com/red_envelope/infra.(*BootApplication).setup(infra/boot.go:48)] Setup: *base.PropsStarter" func="github.com/red_envelope/infra.(*BootApplication).setup" file="infra/boot.go:48"
time="2021-02-06T17:26:16+08:00" level=debug msg="[github.com/red_envelope/infra.(*BootApplication).setup(infra/boot.go:48)] Setup: *base.DbxDatabaseStarter" func="github.com/red_envelope/infra.(*BootApplication).setup" file="infra/boot.go:48"
time="2021-02-06T17:26:16+08:00" level=info msg="[github.com/red_envelope/infra/base.(*DbxDatabaseStarter).Setup(base/dbx.go:31)] mysql.conn url:debian-sys-maint:***@tcp(127.0.0.1:3306)/designDataV3?parseTime=true&loc=Local&charset=utf8&" func="github.com/red_envelope/infra/base.(*DbxDatabaseStarter).Setup" file="base/dbx.go:31"
time="2021-02-06T17:26:16+08:00" level=info msg="[github.com/red_envelope/infra/base.(*DbxDatabaseStarter).Setup(base/dbx.go:36)] <nil>" func="github.com/red_envelope/infra/base.(*DbxDatabaseStarter).Setup" file="base/dbx.go:36"
time="2021-02-06T17:26:16+08:00" level=debug msg="[github.com/red_envelope/infra.(*BootApplication).setup(infra/boot.go:48)] Setup: *base.ValidatorStarter" func="github.com/red_envelope/infra.(*BootApplication).setup" file="infra/boot.go:48"
time="2021-02-06T17:26:16+08:00" level=info msg="[github.com/red_envelope/infra.(*BootApplication).start(infra/boot.go:57)] Starting starters..." func="github.com/red_envelope/infra.(*BootApplication).start" file="infra/boot.go:57"
time="2021-02-06T17:26:16+08:00" level=debug msg="[github.com/red_envelope/infra.(*BootApplication).start(infra/boot.go:61)] Starting: *base.PropsStarter" func="github.com/red_envelope/infra.(*BootApplication).start" file="infra/boot.go:61"
time="2021-02-06T17:26:16+08:00" level=debug msg="[github.com/red_envelope/infra.(*BootApplication).start(infra/boot.go:61)] Starting: *base.DbxDatabaseStarter" func="github.com/red_envelope/infra.(*BootApplication).start" file="infra/boot.go:61"
time="2021-02-06T17:26:16+08:00" level=debug msg="[github.com/red_envelope/infra.(*BootApplication).start(infra/boot.go:61)] Starting: *base.ValidatorStarter" func="github.com/red_envelope/infra.(*BootApplication).start" file="infra/boot.go:61"
time="2021-02-06T17:26:16+08:00" level=error msg="[github.com/red_envelope/core/accounts.(*accountDomain).TransferWithContextTx(accounts/domain_account.go:151)] 余额不足" func="github.com/red_envelope/core/accounts.(*accountDomain).TransferWithContextTx" file="accounts/domain_account.go:151"
time="2021-02-06T17:26:17+08:00" level=error msg="[github.com/red_envelope/core/accounts.(*accountDomain).TransferWithContextTx(accounts/domain_account.go:151)] 余额不足" func="github.com/red_envelope/core/accounts.(*accountDomain).TransferWithContextTx" file="accounts/domain_account.go:151"
time="2021-02-06T17:26:36+08:00" level=info msg="[github.com/red_envelope/infra.(*starterRegister).Register(infra/starter.go:78)] Register starter: *base.PropsStarter" func="github.com/red_envelope/infra.(*starterRegister).Register" file="infra/starter.go:78"
time="2021-02-06T17:26:36+08:00" level=info msg="[github.com/red_envelope/infra.(*starterRegister).Register(infra/starter.go:78)] Register starter: *base.DbxDatabaseStarter" func="github.com/red_envelope/infra.(*starterRegister).Register" file="infra/starter.go:78"
time="2021-02-06T17:26:36+08:00" level=info msg="[github.com/red_envelope/infra.(*starterRegister).Register(infra/starter.go:78)] Register starter: *base.ValidatorStarter" func="github.com/red_envelope/infra.(*starterRegister).Register" file="infra/starter.go:78"
time="2021-02-06T17:26:36+08:00" level=info msg="[github.com/red_envelope/infra.(*BootApplication).init(infra/boot.go:34)] Initializing starters..." func="github.com/red_envelope/infra.(*BootApplication).init" file="infra/boot.go:34"
time="2021-02-06T17:26:36+08:00" level=debug msg="[github.com/red_envelope/infra.(*BootApplication).init(infra/boot.go:37)] Initializing: PriorityGroup=20,Priority=10000,type=*base.PropsStarter" func="github.com/red_envelope/infra.(*BootApplication).init" file="infra/boot.go:37"
time="2021-02-06T17:26:36+08:00" level=debug msg="[github.com/red_envelope/infra.(*BootApplication).init(infra/boot.go:37)] Initializing: PriorityGroup=20,Priority=10000,type=*base.DbxDatabaseStarter" func="github.com/red_envelope/infra.(*BootApplication).init" file="infra/boot.go:37"
time="2021-02-06T17:26:36+08:00" level=debug msg="[github.com/red_envelope/infra.(*BootApplication).init(infra/boot.go:37)] Initializing: PriorityGroup=20,Priority=10000,type=*base.ValidatorStarter" func="github.com/red_envelope/infra.(*BootApplication).init" file="infra/boot.go:37"
time="2021-02-06T17:26:36+08:00" level=info msg="[github.com/red_envelope/infra.(*BootApplication).setup(infra/boot.go:45)] Setup starters..." func="github.com/red_envelope/infra.(*BootApplication).setup" file="infra/boot.go:45"
time="2021-02-06T17:26:36+08:00" level=debug msg="[github.com/red_envelope/infra.(*BootApplication).setup(infra/boot.go:48)] Setup: *base.PropsStarter" func="github.com/red_envelope/infra.(*BootApplication).setup" file="infra/boot.go:48"
time="2021-02-06T17:26:36+08:00" level=debug msg="[github.com/red_envelope/infra.(*BootApplication).setup(infra/boot.go:48)] Setup: *base.DbxDatabaseStarter" func="github.com/red_envelope/infra.(*BootApplication).setup" file="infra/boot.go:48"
time="2021-02-06T17:26:36+08:00" level=info msg="[github.com/red_envelope/infra/base.(*DbxDatabaseStarter).Setup(base/dbx.go:31)] mysql.conn url:debian-sys-maint:***@tcp(127.0.0.1:3306)/designDataV3?parseTime=true&loc=Local&charset=utf8&" func="github.com/red_envelope/infra/base.(*DbxDatabaseStarter).Setup" file="base/dbx.go:31"
time="2021-02-06T17:26:36+08:00" level=info msg="[github.com/red_envelope/infra/base.(*DbxDatabaseStarter).Setup(base/dbx.go:36)] <nil>" func="github.com/red_envelope/infra/base.(*DbxDatabaseStarter).Setup" file="base/dbx.go:36"
time="2021-02-06T17:26:36+08:00" level=debug msg="[github.com/red_envelope/infra.(*BootApplication).setup(infra/boot.go:48)] Setup: *base.ValidatorStarter" func="github.com/red_envelope/infra.(*BootApplication).setup" file="infra/boot.go:48"
time="2021-02-06T17:26:36+08:00" level=info msg="[github.com/red_envelope/infra.(*BootApplication).start(infra/boot.go:57)] Starting starters..." func="github.com/red_envelope/infra.(*BootApplication).start" file="infra/boot.go:57"
time="2021-02-06T17:26:36+08:00" level=debug msg="[github.com/red_envelope/infra.(*BootApplication).start(infra/boot.go:61)] Starting: *base.PropsStarter" func="github.com/red_envelope/infra.(*BootApplication).start" file="infra/boot.go:61"
time="2021-02-06T17:26:36+08:00" level=debug msg="[github.com/red_envelope/infra.(*BootApplication).start(infra/boot.go:61)] Starting: *base.DbxDatabaseStarter" func="github.com/red_envelope/infra.(*BootApplication).start" file="infra/boot.go:61"
time="2021-02-06T17:26:36+08:00" level=debug msg="[github.com/red_envelope/infra.(*BootApplication).start(infra/boot.go:61)] Starting: *base.ValidatorStarter" func="github.com/red_envelope/infra.(*BootApplication).start" file="infra/boot.go:61"
time="2021-02-06T17:26:36+08:00" level=error msg="[github.com/red_envelope/core/accounts.(*accountDomain).TransferWithContextTx(accounts/domain_account.go:151)] 余额不足" func="github.com/red_envelope/core/accounts.(*accountDomain).TransferWithContextTx" file="accounts/domain_account.go:151"
time="2021-02-06T17:26:37+08:00" level=error msg="[github.com/red_envelope/core/accounts.(*accountDomain).TransferWithContextTx(accounts/domain_account.go:151)] 余额不足" func="github.com/red_envelope/core/accounts.(*accountDomain).TransferWithContextTx" file="accounts/domain_account.go:151"
